K=0 QUERY_LENGTH=10 METHOD=naive
Number of sequences: 4545
Naive Query took 5 ms.
Simple Query took 10 ms.
K=0 QUERY_LENGTH=10 METHOD=simpaccel
Number of sequences: 4545
Naive Query took 8 ms.
Simple Query took 7 ms.
K=0 QUERY_LENGTH=50 METHOD=naive
Number of sequences: 4545
Naive Query took 6 ms.
Simple Query took 10 ms.
K=0 QUERY_LENGTH=50 METHOD=simpaccel
Number of sequences: 4545
Naive Query took 6 ms.
Simple Query took 10 ms.
K=0 QUERY_LENGTH=100 METHOD=naive
Number of sequences: 4545
Naive Query took 5 ms.
Simple Query took 12 ms.
K=0 QUERY_LENGTH=100 METHOD=simpaccel
Number of sequences: 4545
Naive Query took 7 ms.
Simple Query took 10 ms.
K=0 QUERY_LENGTH=200 METHOD=naive
Number of sequences: 9090
Naive Query took 11 ms.
Simple Query took 21 ms.
K=0 QUERY_LENGTH=200 METHOD=simpaccel
Number of sequences: 9090
Naive Query took 11 ms.
Simple Query took 16 ms.
K=0 QUERY_LENGTH=500 METHOD=naive
Number of sequences: 9090
Naive Query took 11 ms.
Simple Query took 24 ms.
K=0 QUERY_LENGTH=500 METHOD=simpaccel
Number of sequences: 9090
Naive Query took 14 ms.
Simple Query took 18 ms.
K=0 QUERY_LENGTH=1000 METHOD=naive
Number of sequences: 9090
Naive Query took 14 ms.
Simple Query took 26 ms.
K=0 QUERY_LENGTH=1000 METHOD=simpaccel
Number of sequences: 9090
Naive Query took 15 ms.
Simple Query took 20 ms.
K=0 QUERY_LENGTH=2000 METHOD=naive
Number of sequences: 4550
Naive Query took 7 ms.
Simple Query took 14 ms.
K=0 QUERY_LENGTH=2000 METHOD=simpaccel
Number of sequences: 4550
Naive Query took 9 ms.
Simple Query took 12 ms.
K=0 QUERY_LENGTH=10000 METHOD=naive
Number of sequences: 4545
Naive Query took 14 ms.
Simple Query took 27 ms.
K=0 QUERY_LENGTH=10000 METHOD=simpaccel
Number of sequences: 4545
Naive Query took 15 ms.
Simple Query took 23 ms.
K=5 QUERY_LENGTH=10 METHOD=naive
Number of sequences: 4545
Naive Query took 6 ms.
Simple Query took 10 ms.
K=5 QUERY_LENGTH=10 METHOD=simpaccel
Number of sequences: 4545
Naive Query took 7 ms.
Simple Query took 8 ms.
K=5 QUERY_LENGTH=50 METHOD=naive
Number of sequences: 4545
Naive Query took 7 ms.
Simple Query took 10 ms.
K=5 QUERY_LENGTH=50 METHOD=simpaccel
Number of sequences: 4545
Naive Query took 6 ms.
Simple Query took 9 ms.
K=5 QUERY_LENGTH=100 METHOD=naive
Number of sequences: 4545
Naive Query took 6 ms.
Simple Query took 11 ms.
K=5 QUERY_LENGTH=100 METHOD=simpaccel
Number of sequences: 4545
Naive Query took 6 ms.
Simple Query took 9 ms.
K=5 QUERY_LENGTH=200 METHOD=naive
Number of sequences: 9090
Naive Query took 11 ms.
Simple Query took 20 ms.
K=5 QUERY_LENGTH=200 METHOD=simpaccel
Number of sequences: 9090
Naive Query took 15 ms.
Simple Query took 19 ms.
K=5 QUERY_LENGTH=500 METHOD=naive
Number of sequences: 9090
Naive Query took 11 ms.
Simple Query took 24 ms.
K=5 QUERY_LENGTH=500 METHOD=simpaccel
Number of sequences: 9090
Naive Query took 14 ms.
Simple Query took 18 ms.
K=5 QUERY_LENGTH=1000 METHOD=naive
Number of sequences: 9090
Naive Query took 13 ms.
Simple Query took 24 ms.
K=5 QUERY_LENGTH=1000 METHOD=simpaccel
Number of sequences: 9090
Naive Query took 14 ms.
Simple Query took 19 ms.
K=5 QUERY_LENGTH=2000 METHOD=naive
Number of sequences: 4550
Naive Query took 7 ms.
Simple Query took 14 ms.
K=5 QUERY_LENGTH=2000 METHOD=simpaccel
Number of sequences: 4550
Naive Query took 8 ms.
Simple Query took 13 ms.
K=5 QUERY_LENGTH=10000 METHOD=naive
Number of sequences: 4545
Naive Query took 14 ms.
Simple Query took 28 ms.
K=5 QUERY_LENGTH=10000 METHOD=simpaccel
Number of sequences: 4545
Naive Query took 15 ms.
Simple Query took 24 ms.
K=10 QUERY_LENGTH=10 METHOD=naive
Number of sequences: 4545
Naive Query took 5 ms.
Simple Query took 10 ms.
K=10 QUERY_LENGTH=10 METHOD=simpaccel
Number of sequences: 4545
Naive Query took 7 ms.
Simple Query took 9 ms.
K=10 QUERY_LENGTH=50 METHOD=naive
Number of sequences: 4545
Naive Query took 5 ms.
Simple Query took 10 ms.
K=10 QUERY_LENGTH=50 METHOD=simpaccel
Number of sequences: 4545
Naive Query took 6 ms.
Simple Query took 9 ms.
K=10 QUERY_LENGTH=100 METHOD=naive
Number of sequences: 4545
Naive Query took 6 ms.
Simple Query took 11 ms.
K=10 QUERY_LENGTH=100 METHOD=simpaccel
Number of sequences: 4545
Naive Query took 6 ms.
Simple Query took 8 ms.
K=10 QUERY_LENGTH=200 METHOD=naive
Number of sequences: 9090
Naive Query took 11 ms.
Simple Query took 21 ms.
K=10 QUERY_LENGTH=200 METHOD=simpaccel
Number of sequences: 9090
Naive Query took 12 ms.
Simple Query took 13 ms.
K=10 QUERY_LENGTH=500 METHOD=naive
Number of sequences: 9090
Naive Query took 12 ms.
Simple Query took 23 ms.
K=10 QUERY_LENGTH=500 METHOD=simpaccel
Number of sequences: 9090
Naive Query took 13 ms.
Simple Query took 16 ms.
K=10 QUERY_LENGTH=1000 METHOD=naive
Number of sequences: 9090
Naive Query took 12 ms.
Simple Query took 26 ms.
K=10 QUERY_LENGTH=1000 METHOD=simpaccel
Number of sequences: 9090
Naive Query took 14 ms.
Simple Query took 18 ms.
K=10 QUERY_LENGTH=2000 METHOD=naive
Number of sequences: 4550
Naive Query took 7 ms.
Simple Query took 14 ms.
K=10 QUERY_LENGTH=2000 METHOD=simpaccel
Number of sequences: 4550
Naive Query took 8 ms.
Simple Query took 11 ms.
K=10 QUERY_LENGTH=10000 METHOD=naive
Number of sequences: 4545
Naive Query took 13 ms.
Simple Query took 28 ms.
K=10 QUERY_LENGTH=10000 METHOD=simpaccel
Number of sequences: 4545
Naive Query took 15 ms.
Simple Query took 23 ms.
K=20 QUERY_LENGTH=10 METHOD=naive
Number of sequences: 4545
Naive Query took 6 ms.
Simple Query took 11 ms.
K=20 QUERY_LENGTH=10 METHOD=simpaccel
Number of sequences: 4545
Naive Query took 9 ms.
Simple Query took 10 ms.
K=20 QUERY_LENGTH=50 METHOD=naive
Number of sequences: 4545
Naive Query took 5 ms.
Simple Query took 9 ms.
K=20 QUERY_LENGTH=50 METHOD=simpaccel
Number of sequences: 4545
Naive Query took 6 ms.
Simple Query took 9 ms.
K=20 QUERY_LENGTH=100 METHOD=naive
Number of sequences: 4545
Naive Query took 7 ms.
Simple Query took 12 ms.
K=20 QUERY_LENGTH=100 METHOD=simpaccel
Number of sequences: 4545
Naive Query took 7 ms.
Simple Query took 9 ms.
K=20 QUERY_LENGTH=200 METHOD=naive
Number of sequences: 9090
Naive Query took 10 ms.
Simple Query took 26 ms.
K=20 QUERY_LENGTH=200 METHOD=simpaccel
Number of sequences: 9090
Naive Query took 13 ms.
Simple Query took 13 ms.
K=20 QUERY_LENGTH=500 METHOD=naive
Number of sequences: 9090
Naive Query took 13 ms.
Simple Query took 26 ms.
K=20 QUERY_LENGTH=500 METHOD=simpaccel
Number of sequences: 9090
Naive Query took 13 ms.
Simple Query took 16 ms.
K=20 QUERY_LENGTH=1000 METHOD=naive
Number of sequences: 9090
Naive Query took 12 ms.
Simple Query took 24 ms.
K=20 QUERY_LENGTH=1000 METHOD=simpaccel
Number of sequences: 9090
Naive Query took 14 ms.
Simple Query took 16 ms.
K=20 QUERY_LENGTH=2000 METHOD=naive
Number of sequences: 4550
Naive Query took 7 ms.
Simple Query took 14 ms.
K=20 QUERY_LENGTH=2000 METHOD=simpaccel
Number of sequences: 4550
Naive Query took 10 ms.
Simple Query took 12 ms.
K=20 QUERY_LENGTH=10000 METHOD=naive
Number of sequences: 4545
Naive Query took 15 ms.
Simple Query took 27 ms.
K=20 QUERY_LENGTH=10000 METHOD=simpaccel
Number of sequences: 4545
Naive Query took 16 ms.
Simple Query took 23 ms.
